<?xml version="1.0" encoding="UTF-8"?>
<!-- Generated by org.testng.reporters.JUnitXMLReporter -->
<testsuite ignored="1" hostname="EC2AMAZ-S11DBRH" failures="1" tests="1" name="Default test(failed)" time="6.748" errors="0" timestamp="2024-04-26T04:46:28 GMT">
  <testcase classname="testScripts.GooglePageTest" name="seleniumSearchTest" time="4.322">
    <failure type="java.lang.AssertionError" message="expected [Selenium tutorial - Google Search] but found []">
      <![CDATA[java.lang.AssertionError: expected [Selenium tutorial - Google Search] but found []
at testScripts.GooglePageTest.seleniumSearchTest(GooglePageTest.java:40)
at java.base/java.util.ArrayList.forEach(ArrayList.java:1511)
... Removed 33 stack frames]]>
    </failure>
  </testcase> <!-- seleniumSearchTest -->
  <testcase classname="testScripts.GooglePageTest" name="javaSearchTest" time="0.0">
    <ignored/>
  </testcase> <!-- javaSearchTest -->
</testsuite> <!-- Default test(failed) -->
